This is XeTeX, Version 3.141592653-2.6-0.999995 (TeX Live 2023/Fedora 40) (preloaded format=xelatex 2024.10.10)  10 OCT 2024 19:05
entering extended mode
 restricted \write18 enabled.
 %&-line parsing enabled.
**ComingOutGeschichte2024.md
(./ComingOutGeschichte2024.md
LaTeX2e <2022-11-01> patch level 1
L3 programming layer <2023-02-22>
! You can't use `macro parameter character #' in vertical mode.
l.1 #
      Coming-Out-Gruppe für FLINTA[^2] 2024
? 
! Emergency stop.
l.1 
    
End of file on the terminal!

 
Here is how much of TeX's memory you used:
 16 strings out of 478682
 362 string characters out of 5849005
 1842018 words of memory out of 6000000
 20230 multiletter control sequences out of 15000+600000
 512287 words of font info for 32 fonts, out of 8000000 for 9000
 14 hyphenation exceptions out of 8191
 12i,0n,12p,97b,10s stack positions out of 10000i,1000n,20000p,200000b,200000s
No pages of output.
